<?xml version="1.0" encoding="UTF-8"?>
<!-- Generated by org.testng.reporters.JUnitReportReporter -->
<testsuite hostname="DESKTOP-1C3J15A" failures="0" tests="1" name="com.sauceDemo.TestPackage.TestClass_VerifyAllpoductSelect" time="28.992" errors="0" timestamp="2023-01-04T14:16:28 IST" skipped="0">
  <testcase classname="com.sauceDemo.TestPackage.TestClass_VerifyAllpoductSelect" name="verifyallproductselectfunctionality" time="28.992"/>
  <system-out/>
</testsuite> <!-- com.sauceDemo.TestPackage.TestClass_VerifyAllpoductSelect -->
