<?xml version="1.0" encoding="UTF-8"?>
<!-- Generated by org.testng.reporters.JUnitReportReporter -->
<testsuite hostname="DESKTOP-1C3J15A" failures="0" tests="1" name="com.sauceDemo.TestPackage.TC02_TestClass_LogoutpageVerify" time="10.664" errors="0" timestamp="2023-01-04T14:45:46 IST" skipped="0">
  <testcase classname="com.sauceDemo.TestPackage.TC02_TestClass_LogoutpageVerify" name="verifylogoutpagefunctionality" time="10.664"/>
  <system-out/>
</testsuite> <!-- com.sauceDemo.TestPackage.TC02_TestClass_LogoutpageVerify -->
