<?xml version="1.0" encoding="UTF-8"?>
<!-- Generated by org.testng.reporters.JUnitReportReporter -->
<testsuite hostname="DESKTOP-1C3J15A" failures="0" tests="1" name="com.sauceDemo.TestPackage.TC01_TestClass_LoginPage" time="7.716" errors="0" timestamp="2023-01-04T14:45:46 IST" skipped="0">
  <testcase classname="com.sauceDemo.TestPackage.TC01_TestClass_LoginPage" name="verifyloginpagefunctionality" time="7.716"/>
  <system-out/>
</testsuite> <!-- com.sauceDemo.TestPackage.TC01_TestClass_LoginPage -->
