<?xml version="1.0" encoding="UTF-8"?>
<!-- Generated by org.testng.reporters.JUnitReportReporter -->
<testsuite hostname="DESKTOP-1C3J15A" failures="0" tests="1" name="com.sauceDemo.TestPackage.TestClass_Verify1productSelect" time="6.016" errors="0" timestamp="2023-01-04T14:16:28 IST" skipped="0">
  <testcase classname="com.sauceDemo.TestPackage.TestClass_Verify1productSelect" name="verify1productselectfunctionality" time="6.016"/>
  <system-out/>
</testsuite> <!-- com.sauceDemo.TestPackage.TestClass_Verify1productSelect -->
